# lattice-scale --inv-acoustic-scale=11 "ark:gunzip -c exp/tri_graph_decode//lat.*.gz|" ark:- | lattice-add-penalty --word-ins-penalty=0.0 ark:- ark:- | lattice-best-path --word-symbol-table=exp/tri_graph/words.txt ark:- ark,t:exp/tri_graph_decode//scoring/11.tra 
# Started at Mon Apr 29 12:10:57 UTC 2019
#
lattice-best-path --word-symbol-table=exp/tri_graph/words.txt ark:- ark,t:exp/tri_graph_decode//scoring/11.tra 
lattice-scale --inv-acoustic-scale=11 'ark:gunzip -c exp/tri_graph_decode//lat.*.gz|' ark:- 
lattice-add-penalty --word-ins-penalty=0.0 ark:- ark:- 
LOG (lattice-best-path:main():lattice-best-path.cc:99) For utterance t1, best cost 16.2915 + 1743.88 = 1760.17 over 194 frames.
t1 เปลี่ยน 
LOG (lattice-best-path:main():lattice-best-path.cc:99) For utterance t2, best cost 31.6168 + 2162.2 = 2193.82 over 230 frames.
t2 ดู เทิร์น ตัวเอง ดู 
LOG (lattice-scale:main():lattice-scale.cc:90) Done 9 lattices.
LOG (lattice-best-path:main():lattice-best-path.cc:99) For utterance t3, best cost 51.044 + 3030.92 = 3081.96 over 330 frames.
t3 ทอย ลูกเต๋า ลูก ดู ตัวเอง ลูก ลูก 
LOG (lattice-best-path:main():lattice-best-path.cc:99) For utterance t4, best cost 16.5595 + 1858.45 = 1875.01 over 203 frames.
t4 เปลี่ยน เทิร์น 
LOG (lattice-best-path:main():lattice-best-path.cc:99) For utterance t5, best cost 15.2768 + 1323.48 = 1338.75 over 147 frames.
t5 ยอม แพ้ 
LOG (lattice-add-penalty:main():lattice-add-penalty.cc:62) Done adding word insertion penalty to 9 lattices.
LOG (lattice-best-path:main():lattice-best-path.cc:99) For utterance t6, best cost 22.5743 + 1604.42 = 1626.99 over 179 frames.
t6 ขาย ขาย ดู 
LOG (lattice-best-path:main():lattice-best-path.cc:99) For utterance t7, best cost 27.8883 + 1690.56 = 1718.45 over 188 frames.
t7 ซื้อ ลูกเต๋า แพ้ เงิน 
LOG (lattice-best-path:main():lattice-best-path.cc:99) For utterance t8, best cost 43.8032 + 2598.86 = 2642.66 over 281 frames.
t8 ดู หนึ่ง ข้อมูล เปลี่ยน เปลี่ยน ลูก 
LOG (lattice-best-path:main():lattice-best-path.cc:99) For utterance t9, best cost 16.7804 + 1356.07 = 1372.85 over 149 frames.
t9 จ่าย ดู 
LOG (lattice-best-path:main():lattice-best-path.cc:124) Overall score per frame is 9.2639 = 0.127215 [graph] + 9.13668 [acoustic] over 1901 frames.
LOG (lattice-best-path:main():lattice-best-path.cc:128) Done 9 lattices, failed for 0
# Accounting: time=0 threads=1
# Ended (code 0) at Mon Apr 29 12:10:57 UTC 2019, elapsed time 0 seconds
