# lattice-scale --inv-acoustic-scale=10 "ark:gunzip -c exp/tri_graph_decode//lat.*.gz|" ark:- | lattice-add-penalty --word-ins-penalty=0.0 ark:- ark:- | lattice-best-path --word-symbol-table=exp/tri_graph/words.txt ark:- ark,t:exp/tri_graph_decode//scoring/10.tra 
# Started at Mon Apr 29 12:10:57 UTC 2019
#
lattice-scale --inv-acoustic-scale=10 'ark:gunzip -c exp/tri_graph_decode//lat.*.gz|' ark:- 
lattice-best-path --word-symbol-table=exp/tri_graph/words.txt ark:- ark,t:exp/tri_graph_decode//scoring/10.tra 
lattice-add-penalty --word-ins-penalty=0.0 ark:- ark:- 
LOG (lattice-best-path:main():lattice-best-path.cc:99) For utterance t1, best cost 16.2915 + 1918.27 = 1934.56 over 194 frames.
t1 เปลี่ยน 
LOG (lattice-best-path:main():lattice-best-path.cc:99) For utterance t2, best cost 31.6168 + 2378.42 = 2410.04 over 230 frames.
t2 ดู เทิร์น ตัวเอง ดู 
LOG (lattice-scale:main():lattice-scale.cc:90) Done 9 lattices.
LOG (lattice-best-path:main():lattice-best-path.cc:99) For utterance t3, best cost 51.044 + 3334.01 = 3385.05 over 330 frames.
t3 ทอย ลูกเต๋า ลูก ดู ตัวเอง ลูก ลูก 
LOG (lattice-best-path:main():lattice-best-path.cc:99) For utterance t4, best cost 16.5595 + 2044.3 = 2060.86 over 203 frames.
t4 เปลี่ยน เทิร์น 
LOG (lattice-best-path:main():lattice-best-path.cc:99) For utterance t5, best cost 15.2768 + 1455.82 = 1471.1 over 147 frames.
t5 ยอม แพ้ 
LOG (lattice-best-path:main():lattice-best-path.cc:99) For utterance t6, best cost 22.8201 + 1764.61 = 1787.43 over 179 frames.
t6 ขาย ขาย เงิน 
LOG (lattice-add-penalty:main():lattice-add-penalty.cc:62) Done adding word insertion penalty to 9 lattices.
LOG (lattice-best-path:main():lattice-best-path.cc:99) For utterance t7, best cost 27.8883 + 1859.62 = 1887.51 over 188 frames.
t7 ซื้อ ลูกเต๋า แพ้ เงิน 
LOG (lattice-best-path:main():lattice-best-path.cc:99) For utterance t8, best cost 43.8032 + 2858.74 = 2902.55 over 281 frames.
t8 ดู หนึ่ง ข้อมูล เปลี่ยน เปลี่ยน ลูก 
LOG (lattice-best-path:main():lattice-best-path.cc:99) For utterance t9, best cost 16.7804 + 1491.67 = 1508.45 over 149 frames.
t9 จ่าย ดู 
LOG (lattice-best-path:main():lattice-best-path.cc:124) Overall score per frame is 10.1776 = 0.127344 [graph] + 10.0502 [acoustic] over 1901 frames.
LOG (lattice-best-path:main():lattice-best-path.cc:128) Done 9 lattices, failed for 0
# Accounting: time=0 threads=1
# Ended (code 0) at Mon Apr 29 12:10:57 UTC 2019, elapsed time 0 seconds
